2024-12-29 13:20:15 [main] INFO  c.nagarro.ExitTest.utility.BaseTest - Setting up for test class: Test_Home
2024-12-29 13:20:15 [main] DEBUG i.g.bonigarcia.wdm.WebDriverManager - Using WebDriverManager 5.9.2
2024-12-29 13:20:15 [main] DEBUG i.g.b.wdm.cache.ResolutionCache - Resolution chrome=131 in cache (valid until 13:40:54 29/12/2024 IST)
2024-12-29 13:20:15 [main] DEBUG i.g.b.wdm.cache.ResolutionCache - Resolution chrome131=131.0.6778.204 in cache (valid until 12:40:54 30/12/2024 IST)
2024-12-29 13:20:15 [main] INFO  i.g.bonigarcia.wdm.WebDriverManager - Using chromedriver 131.0.6778.204 (resolved driver for Chrome 131)
2024-12-29 13:20:15 [main] DEBUG i.g.bonigarcia.wdm.WebDriverManager - Driver chromedriver 131.0.6778.204 found in cache
2024-12-29 13:20:15 [main] INFO  i.g.bonigarcia.wdm.WebDriverManager - Exporting webdriver.chrome.driver as C:\Users\dhruvshingari\.cache\selenium\chromedriver\win64\131.0.6778.204\chromedriver.exe
2024-12-29 13:20:21 [main] INFO  c.nagarro.ExitTest.utility.BaseTest - Starting test case: verifyHomePageIsVisibleSuccessfully
2024-12-29 13:20:21 [main] INFO  c.nagarro.ExitTest.utility.BaseTest - Verifying if the home page is visible
2024-12-29 13:20:21 [main] INFO  c.nagarro.ExitTest.utility.BaseTest - Test passed: Home page is visible
2024-12-29 13:20:22 [main] INFO  c.nagarro.ExitTest.utility.BaseTest - Setting up for test class: Test_Home
2024-12-29 13:20:22 [main] DEBUG i.g.bonigarcia.wdm.WebDriverManager - Using WebDriverManager 5.9.2
2024-12-29 13:20:22 [main] DEBUG i.g.b.wdm.cache.ResolutionCache - Resolution chrome=131 in cache (valid until 13:40:54 29/12/2024 IST)
2024-12-29 13:20:22 [main] DEBUG i.g.b.wdm.cache.ResolutionCache - Resolution chrome131=131.0.6778.204 in cache (valid until 12:40:54 30/12/2024 IST)
2024-12-29 13:20:22 [main] INFO  i.g.bonigarcia.wdm.WebDriverManager - Using chromedriver 131.0.6778.204 (resolved driver for Chrome 131)
2024-12-29 13:20:22 [main] DEBUG i.g.bonigarcia.wdm.WebDriverManager - Driver chromedriver 131.0.6778.204 found in cache
2024-12-29 13:20:22 [main] INFO  i.g.bonigarcia.wdm.WebDriverManager - Exporting webdriver.chrome.driver as C:\Users\dhruvshingari\.cache\selenium\chromedriver\win64\131.0.6778.204\chromedriver.exe
2024-12-29 13:20:27 [main] INFO  c.nagarro.ExitTest.utility.BaseTest - Starting test case: searchForAProduct
2024-12-29 13:20:27 [main] INFO  c.nagarro.ExitTest.utility.BaseTest - search functionality test
2024-12-29 13:20:32 [main] INFO  c.nagarro.ExitTest.utility.BaseTest - Test passed: Searched product is visible
2024-12-29 13:20:33 [main] INFO  c.nagarro.ExitTest.utility.BaseTest - Setting up for test class: Test_Home
2024-12-29 13:20:33 [main] DEBUG i.g.bonigarcia.wdm.WebDriverManager - Using WebDriverManager 5.9.2
2024-12-29 13:20:33 [main] DEBUG i.g.b.wdm.cache.ResolutionCache - Resolution chrome=131 in cache (valid until 13:40:54 29/12/2024 IST)
2024-12-29 13:20:33 [main] DEBUG i.g.b.wdm.cache.ResolutionCache - Resolution chrome131=131.0.6778.204 in cache (valid until 12:40:54 30/12/2024 IST)
2024-12-29 13:20:33 [main] INFO  i.g.bonigarcia.wdm.WebDriverManager - Using chromedriver 131.0.6778.204 (resolved driver for Chrome 131)
2024-12-29 13:20:33 [main] DEBUG i.g.bonigarcia.wdm.WebDriverManager - Driver chromedriver 131.0.6778.204 found in cache
2024-12-29 13:20:33 [main] INFO  i.g.bonigarcia.wdm.WebDriverManager - Exporting webdriver.chrome.driver as C:\Users\dhruvshingari\.cache\selenium\chromedriver\win64\131.0.6778.204\chromedriver.exe
2024-12-29 13:20:39 [main] INFO  c.nagarro.ExitTest.utility.BaseTest - Starting test case: searchForAProduct
2024-12-29 13:20:39 [main] INFO  c.nagarro.ExitTest.utility.BaseTest - search functionality test
2024-12-29 13:20:42 [main] INFO  c.nagarro.ExitTest.utility.BaseTest - Test passed: Searched product is visible
2024-12-29 13:20:42 [main] INFO  c.nagarro.ExitTest.utility.BaseTest - Setting up for test class: Test_Home
2024-12-29 13:20:42 [main] DEBUG i.g.bonigarcia.wdm.WebDriverManager - Using WebDriverManager 5.9.2
2024-12-29 13:20:42 [main] DEBUG i.g.b.wdm.cache.ResolutionCache - Resolution chrome=131 in cache (valid until 13:40:54 29/12/2024 IST)
2024-12-29 13:20:42 [main] DEBUG i.g.b.wdm.cache.ResolutionCache - Resolution chrome131=131.0.6778.204 in cache (valid until 12:40:54 30/12/2024 IST)
2024-12-29 13:20:42 [main] INFO  i.g.bonigarcia.wdm.WebDriverManager - Using chromedriver 131.0.6778.204 (resolved driver for Chrome 131)
2024-12-29 13:20:42 [main] DEBUG i.g.bonigarcia.wdm.WebDriverManager - Driver chromedriver 131.0.6778.204 found in cache
2024-12-29 13:20:42 [main] INFO  i.g.bonigarcia.wdm.WebDriverManager - Exporting webdriver.chrome.driver as C:\Users\dhruvshingari\.cache\selenium\chromedriver\win64\131.0.6778.204\chromedriver.exe
2024-12-29 13:20:49 [main] INFO  c.nagarro.ExitTest.utility.BaseTest - Stating test case: navigateTocartPage
2024-12-29 13:20:49 [main] INFO  c.nagarro.ExitTest.utility.BaseTest - navigating to cart page
2024-12-29 13:20:52 [main] INFO  c.nagarro.ExitTest.utility.BaseTest - Test passed: cart page is visible
2024-12-29 13:20:52 [main] INFO  c.nagarro.ExitTest.utility.BaseTest - Setting up for test class: Test_Home
2024-12-29 13:20:52 [main] DEBUG i.g.bonigarcia.wdm.WebDriverManager - Using WebDriverManager 5.9.2
2024-12-29 13:20:52 [main] DEBUG i.g.b.wdm.cache.ResolutionCache - Resolution chrome=131 in cache (valid until 13:40:54 29/12/2024 IST)
2024-12-29 13:20:52 [main] DEBUG i.g.b.wdm.cache.ResolutionCache - Resolution chrome131=131.0.6778.204 in cache (valid until 12:40:54 30/12/2024 IST)
2024-12-29 13:20:52 [main] INFO  i.g.bonigarcia.wdm.WebDriverManager - Using chromedriver 131.0.6778.204 (resolved driver for Chrome 131)
2024-12-29 13:20:52 [main] DEBUG i.g.bonigarcia.wdm.WebDriverManager - Driver chromedriver 131.0.6778.204 found in cache
2024-12-29 13:20:52 [main] INFO  i.g.bonigarcia.wdm.WebDriverManager - Exporting webdriver.chrome.driver as C:\Users\dhruvshingari\.cache\selenium\chromedriver\win64\131.0.6778.204\chromedriver.exe
2024-12-29 13:20:58 [main] INFO  c.nagarro.ExitTest.utility.BaseTest - Stating test case: navigateToSellerPage
2024-12-29 13:20:58 [main] INFO  c.nagarro.ExitTest.utility.BaseTest - navigating to seller page
2024-12-29 13:21:05 [main] INFO  c.nagarro.ExitTest.utility.BaseTest - Test passed: seller page is visible
2024-12-29 13:21:06 [main] INFO  c.nagarro.ExitTest.utility.BaseTest - Setting up for test class: Test_Home
2024-12-29 13:21:06 [main] DEBUG i.g.bonigarcia.wdm.WebDriverManager - Using WebDriverManager 5.9.2
2024-12-29 13:21:06 [main] DEBUG i.g.b.wdm.cache.ResolutionCache - Resolution chrome=131 in cache (valid until 13:40:54 29/12/2024 IST)
2024-12-29 13:21:06 [main] DEBUG i.g.b.wdm.cache.ResolutionCache - Resolution chrome131=131.0.6778.204 in cache (valid until 12:40:54 30/12/2024 IST)
2024-12-29 13:21:06 [main] INFO  i.g.bonigarcia.wdm.WebDriverManager - Using chromedriver 131.0.6778.204 (resolved driver for Chrome 131)
2024-12-29 13:21:06 [main] DEBUG i.g.bonigarcia.wdm.WebDriverManager - Driver chromedriver 131.0.6778.204 found in cache
2024-12-29 13:21:06 [main] INFO  i.g.bonigarcia.wdm.WebDriverManager - Exporting webdriver.chrome.driver as C:\Users\dhruvshingari\.cache\selenium\chromedriver\win64\131.0.6778.204\chromedriver.exe
2024-12-29 13:21:13 [main] INFO  c.nagarro.ExitTest.utility.BaseTest - Stating test case: navigateToAppliancesPage
2024-12-29 13:21:13 [main] INFO  c.nagarro.ExitTest.utility.BaseTest - navigating to appliances page
2024-12-29 13:21:15 [main] INFO  c.nagarro.ExitTest.utility.BaseTest - Test passed: Appliances page is visible
2024-12-29 13:21:15 [main] INFO  c.nagarro.ExitTest.utility.BaseTest - Setting up for test class: Test_Home
2024-12-29 13:21:15 [main] DEBUG i.g.bonigarcia.wdm.WebDriverManager - Using WebDriverManager 5.9.2
2024-12-29 13:21:15 [main] DEBUG i.g.b.wdm.cache.ResolutionCache - Resolution chrome=131 in cache (valid until 13:40:54 29/12/2024 IST)
2024-12-29 13:21:15 [main] DEBUG i.g.b.wdm.cache.ResolutionCache - Resolution chrome131=131.0.6778.204 in cache (valid until 12:40:54 30/12/2024 IST)
2024-12-29 13:21:15 [main] INFO  i.g.bonigarcia.wdm.WebDriverManager - Using chromedriver 131.0.6778.204 (resolved driver for Chrome 131)
2024-12-29 13:21:15 [main] DEBUG i.g.bonigarcia.wdm.WebDriverManager - Driver chromedriver 131.0.6778.204 found in cache
2024-12-29 13:21:15 [main] INFO  i.g.bonigarcia.wdm.WebDriverManager - Exporting webdriver.chrome.driver as C:\Users\dhruvshingari\.cache\selenium\chromedriver\win64\131.0.6778.204\chromedriver.exe
2024-12-29 13:21:22 [main] INFO  c.nagarro.ExitTest.utility.BaseTest - Stating test case: navigateToFlightPage
2024-12-29 13:21:22 [main] INFO  c.nagarro.ExitTest.utility.BaseTest - navigating to flight page
2024-12-29 13:21:24 [main] INFO  c.nagarro.ExitTest.utility.BaseTest - Test passed: flights page is visible
2024-12-29 13:21:25 [main] INFO  c.nagarro.ExitTest.utility.BaseTest - Setting up for test class: Test_Home
2024-12-29 13:21:25 [main] DEBUG i.g.bonigarcia.wdm.WebDriverManager - Using WebDriverManager 5.9.2
2024-12-29 13:21:25 [main] DEBUG i.g.b.wdm.cache.ResolutionCache - Resolution chrome=131 in cache (valid until 13:40:54 29/12/2024 IST)
2024-12-29 13:21:25 [main] DEBUG i.g.b.wdm.cache.ResolutionCache - Resolution chrome131=131.0.6778.204 in cache (valid until 12:40:54 30/12/2024 IST)
2024-12-29 13:21:25 [main] INFO  i.g.bonigarcia.wdm.WebDriverManager - Using chromedriver 131.0.6778.204 (resolved driver for Chrome 131)
2024-12-29 13:21:25 [main] DEBUG i.g.bonigarcia.wdm.WebDriverManager - Driver chromedriver 131.0.6778.204 found in cache
2024-12-29 13:21:25 [main] INFO  i.g.bonigarcia.wdm.WebDriverManager - Exporting webdriver.chrome.driver as C:\Users\dhruvshingari\.cache\selenium\chromedriver\win64\131.0.6778.204\chromedriver.exe
2024-12-29 13:21:30 [main] INFO  c.nagarro.ExitTest.utility.BaseTest - Stating test case: navigateToTermsAndCondtionsPage
2024-12-29 13:21:31 [main] INFO  c.nagarro.ExitTest.utility.BaseTest - Verifying page is displayed or not
2024-12-29 13:21:31 [main] INFO  c.nagarro.ExitTest.utility.BaseTest - Test case passed: Page is visible
2024-12-29 13:21:32 [main] INFO  c.nagarro.ExitTest.utility.BaseTest - Setting up for test class: Test_Login
2024-12-29 13:21:32 [main] DEBUG i.g.bonigarcia.wdm.WebDriverManager - Using WebDriverManager 5.9.2
2024-12-29 13:21:32 [main] DEBUG i.g.b.wdm.cache.ResolutionCache - Resolution chrome=131 in cache (valid until 13:40:54 29/12/2024 IST)
2024-12-29 13:21:32 [main] DEBUG i.g.b.wdm.cache.ResolutionCache - Resolution chrome131=131.0.6778.204 in cache (valid until 12:40:54 30/12/2024 IST)
2024-12-29 13:21:32 [main] INFO  i.g.bonigarcia.wdm.WebDriverManager - Using chromedriver 131.0.6778.204 (resolved driver for Chrome 131)
2024-12-29 13:21:32 [main] DEBUG i.g.bonigarcia.wdm.WebDriverManager - Driver chromedriver 131.0.6778.204 found in cache
2024-12-29 13:21:32 [main] INFO  i.g.bonigarcia.wdm.WebDriverManager - Exporting webdriver.chrome.driver as C:\Users\dhruvshingari\.cache\selenium\chromedriver\win64\131.0.6778.204\chromedriver.exe
2024-12-29 13:21:39 [main] INFO  c.nagarro.ExitTest.utility.BaseTest - starting test case: invalid login
2024-12-29 13:21:39 [main] INFO  c.nagarro.ExitTest.utility.BaseTest - navigating to Login page
2024-12-29 13:21:41 [main] INFO  c.nagarro.ExitTest.utility.BaseTest - entering invalid input
2024-12-29 13:21:42 [main] INFO  c.nagarro.ExitTest.utility.BaseTest - test case passed: error message visible
2024-12-29 13:21:42 [main] INFO  c.nagarro.ExitTest.utility.BaseTest - Setting up for test class: Test_Product
2024-12-29 13:21:42 [main] DEBUG i.g.bonigarcia.wdm.WebDriverManager - Using WebDriverManager 5.9.2
2024-12-29 13:21:42 [main] DEBUG i.g.b.wdm.cache.ResolutionCache - Resolution chrome=131 in cache (valid until 13:40:54 29/12/2024 IST)
2024-12-29 13:21:42 [main] DEBUG i.g.b.wdm.cache.ResolutionCache - Resolution chrome131=131.0.6778.204 in cache (valid until 12:40:54 30/12/2024 IST)
2024-12-29 13:21:42 [main] INFO  i.g.bonigarcia.wdm.WebDriverManager - Using chromedriver 131.0.6778.204 (resolved driver for Chrome 131)
2024-12-29 13:21:42 [main] DEBUG i.g.bonigarcia.wdm.WebDriverManager - Driver chromedriver 131.0.6778.204 found in cache
2024-12-29 13:21:42 [main] INFO  i.g.bonigarcia.wdm.WebDriverManager - Exporting webdriver.chrome.driver as C:\Users\dhruvshingari\.cache\selenium\chromedriver\win64\131.0.6778.204\chromedriver.exe
2024-12-29 13:21:48 [main] INFO  c.nagarro.ExitTest.utility.BaseTest - Starting test case: sortProductByPriceLowToHigh
2024-12-29 13:21:48 [main] INFO  c.nagarro.ExitTest.utility.BaseTest - searching for product
2024-12-29 13:21:51 [main] INFO  c.nagarro.ExitTest.utility.BaseTest - Trying to sort product by price low to high
2024-12-29 13:21:51 [main] INFO  c.nagarro.ExitTest.utility.BaseTest - Verifying the result
2024-12-29 13:21:53 [main] INFO  c.nagarro.ExitTest.utility.BaseTest - Sorted by price low to high
2024-12-29 13:21:53 [main] INFO  c.nagarro.ExitTest.utility.BaseTest - Setting up for test class: Test_Product
2024-12-29 13:21:53 [main] DEBUG i.g.bonigarcia.wdm.WebDriverManager - Using WebDriverManager 5.9.2
2024-12-29 13:21:53 [main] DEBUG i.g.b.wdm.cache.ResolutionCache - Resolution chrome=131 in cache (valid until 13:40:54 29/12/2024 IST)
2024-12-29 13:21:53 [main] DEBUG i.g.b.wdm.cache.ResolutionCache - Resolution chrome131=131.0.6778.204 in cache (valid until 12:40:54 30/12/2024 IST)
2024-12-29 13:21:53 [main] INFO  i.g.bonigarcia.wdm.WebDriverManager - Using chromedriver 131.0.6778.204 (resolved driver for Chrome 131)
2024-12-29 13:21:53 [main] DEBUG i.g.bonigarcia.wdm.WebDriverManager - Driver chromedriver 131.0.6778.204 found in cache
2024-12-29 13:21:53 [main] INFO  i.g.bonigarcia.wdm.WebDriverManager - Exporting webdriver.chrome.driver as C:\Users\dhruvshingari\.cache\selenium\chromedriver\win64\131.0.6778.204\chromedriver.exe
2024-12-29 13:22:00 [main] INFO  c.nagarro.ExitTest.utility.BaseTest - Starting test case: addToCart
2024-12-29 13:22:00 [main] INFO  c.nagarro.ExitTest.utility.BaseTest - searching for product
2024-12-29 13:22:06 [main] INFO  c.nagarro.ExitTest.utility.BaseTest - Test case passes: addToWishlistRequiresLogin
2024-12-29 13:22:06 [main] INFO  c.nagarro.ExitTest.utility.BaseTest - Setting up for test class: Test_Product
2024-12-29 13:22:06 [main] DEBUG i.g.bonigarcia.wdm.WebDriverManager - Using WebDriverManager 5.9.2
2024-12-29 13:22:06 [main] DEBUG i.g.b.wdm.cache.ResolutionCache - Resolution chrome=131 in cache (valid until 13:40:54 29/12/2024 IST)
2024-12-29 13:22:06 [main] DEBUG i.g.b.wdm.cache.ResolutionCache - Resolution chrome131=131.0.6778.204 in cache (valid until 12:40:54 30/12/2024 IST)
2024-12-29 13:22:06 [main] INFO  i.g.bonigarcia.wdm.WebDriverManager - Using chromedriver 131.0.6778.204 (resolved driver for Chrome 131)
2024-12-29 13:22:06 [main] DEBUG i.g.bonigarcia.wdm.WebDriverManager - Driver chromedriver 131.0.6778.204 found in cache
2024-12-29 13:22:06 [main] INFO  i.g.bonigarcia.wdm.WebDriverManager - Exporting webdriver.chrome.driver as C:\Users\dhruvshingari\.cache\selenium\chromedriver\win64\131.0.6778.204\chromedriver.exe
2024-12-29 13:22:12 [main] INFO  c.nagarro.ExitTest.utility.BaseTest - Starting test case: addToCart
2024-12-29 13:22:12 [main] INFO  c.nagarro.ExitTest.utility.BaseTest - searching for product
2024-12-29 13:22:15 [main] INFO  c.nagarro.ExitTest.utility.BaseTest - navigating to product page
2024-12-29 13:22:20 [main] INFO  c.nagarro.ExitTest.utility.BaseTest - Test case passes: Product added to cart
2024-12-29 13:22:20 [main] INFO  c.nagarro.ExitTest.utility.BaseTest - Setting up for test class: Test_SellerPage
2024-12-29 13:22:20 [main] DEBUG i.g.bonigarcia.wdm.WebDriverManager - Using WebDriverManager 5.9.2
2024-12-29 13:22:20 [main] DEBUG i.g.b.wdm.cache.ResolutionCache - Resolution chrome=131 in cache (valid until 13:40:54 29/12/2024 IST)
2024-12-29 13:22:20 [main] DEBUG i.g.b.wdm.cache.ResolutionCache - Resolution chrome131=131.0.6778.204 in cache (valid until 12:40:54 30/12/2024 IST)
2024-12-29 13:22:20 [main] INFO  i.g.bonigarcia.wdm.WebDriverManager - Using chromedriver 131.0.6778.204 (resolved driver for Chrome 131)
2024-12-29 13:22:20 [main] DEBUG i.g.bonigarcia.wdm.WebDriverManager - Driver chromedriver 131.0.6778.204 found in cache
2024-12-29 13:22:20 [main] INFO  i.g.bonigarcia.wdm.WebDriverManager - Exporting webdriver.chrome.driver as C:\Users\dhruvshingari\.cache\selenium\chromedriver\win64\131.0.6778.204\chromedriver.exe
2024-12-29 13:22:27 [main] INFO  c.nagarro.ExitTest.utility.BaseTest - Stating test case: navigateToSellerDashboard
2024-12-29 13:22:27 [main] INFO  c.nagarro.ExitTest.utility.BaseTest - navigating to seller page
2024-12-29 13:22:43 [main] INFO  c.nagarro.ExitTest.utility.BaseTest - Test pass :navigated to seller dashboard
2024-12-29 13:22:44 [main] INFO  c.nagarro.ExitTest.utility.BaseTest - Setting up for test class: Test_GroupCompanies
2024-12-29 13:22:44 [main] DEBUG i.g.bonigarcia.wdm.WebDriverManager - Using WebDriverManager 5.9.2
2024-12-29 13:22:44 [main] DEBUG i.g.b.wdm.cache.ResolutionCache - Resolution chrome=131 in cache (valid until 13:40:54 29/12/2024 IST)
2024-12-29 13:22:44 [main] DEBUG i.g.b.wdm.cache.ResolutionCache - Resolution chrome131=131.0.6778.204 in cache (valid until 12:40:54 30/12/2024 IST)
2024-12-29 13:22:44 [main] INFO  i.g.bonigarcia.wdm.WebDriverManager - Using chromedriver 131.0.6778.204 (resolved driver for Chrome 131)
2024-12-29 13:22:44 [main] DEBUG i.g.bonigarcia.wdm.WebDriverManager - Driver chromedriver 131.0.6778.204 found in cache
2024-12-29 13:22:44 [main] INFO  i.g.bonigarcia.wdm.WebDriverManager - Exporting webdriver.chrome.driver as C:\Users\dhruvshingari\.cache\selenium\chromedriver\win64\131.0.6778.204\chromedriver.exe
2024-12-29 13:22:50 [main] INFO  c.nagarro.ExitTest.utility.BaseTest - Stating test case: navigateToMyntraPage
2024-12-29 13:22:50 [main] INFO  c.nagarro.ExitTest.utility.BaseTest - navigating to myntra website
2024-12-29 13:22:56 [main] INFO  c.nagarro.ExitTest.utility.BaseTest - Test passed: navigated to myntra
2024-12-29 13:22:56 [main] INFO  c.nagarro.ExitTest.utility.BaseTest - Setting up for test class: Test_GroupCompanies
2024-12-29 13:22:56 [main] DEBUG i.g.bonigarcia.wdm.WebDriverManager - Using WebDriverManager 5.9.2
2024-12-29 13:22:56 [main] DEBUG i.g.b.wdm.cache.ResolutionCache - Resolution chrome=131 in cache (valid until 13:40:54 29/12/2024 IST)
2024-12-29 13:22:56 [main] DEBUG i.g.b.wdm.cache.ResolutionCache - Resolution chrome131=131.0.6778.204 in cache (valid until 12:40:54 30/12/2024 IST)
2024-12-29 13:22:56 [main] INFO  i.g.bonigarcia.wdm.WebDriverManager - Using chromedriver 131.0.6778.204 (resolved driver for Chrome 131)
2024-12-29 13:22:56 [main] DEBUG i.g.bonigarcia.wdm.WebDriverManager - Driver chromedriver 131.0.6778.204 found in cache
2024-12-29 13:22:56 [main] INFO  i.g.bonigarcia.wdm.WebDriverManager - Exporting webdriver.chrome.driver as C:\Users\dhruvshingari\.cache\selenium\chromedriver\win64\131.0.6778.204\chromedriver.exe
2024-12-29 13:23:03 [main] INFO  c.nagarro.ExitTest.utility.BaseTest - Stating test case: navigateToCleartripPage
2024-12-29 13:23:03 [main] INFO  c.nagarro.ExitTest.utility.BaseTest - navigating to cleartrip website
2024-12-29 13:23:11 [main] INFO  c.nagarro.ExitTest.utility.BaseTest - Test passed: navigated to cleartrip
2024-12-29 13:23:11 [main] INFO  c.nagarro.ExitTest.utility.BaseTest - Setting up for test class: Test_GroupCompanies
2024-12-29 13:23:11 [main] DEBUG i.g.bonigarcia.wdm.WebDriverManager - Using WebDriverManager 5.9.2
2024-12-29 13:23:11 [main] DEBUG i.g.b.wdm.cache.ResolutionCache - Resolution chrome=131 in cache (valid until 13:40:54 29/12/2024 IST)
2024-12-29 13:23:11 [main] DEBUG i.g.b.wdm.cache.ResolutionCache - Resolution chrome131=131.0.6778.204 in cache (valid until 12:40:54 30/12/2024 IST)
2024-12-29 13:23:11 [main] INFO  i.g.bonigarcia.wdm.WebDriverManager - Using chromedriver 131.0.6778.204 (resolved driver for Chrome 131)
2024-12-29 13:23:11 [main] DEBUG i.g.bonigarcia.wdm.WebDriverManager - Driver chromedriver 131.0.6778.204 found in cache
2024-12-29 13:23:11 [main] INFO  i.g.bonigarcia.wdm.WebDriverManager - Exporting webdriver.chrome.driver as C:\Users\dhruvshingari\.cache\selenium\chromedriver\win64\131.0.6778.204\chromedriver.exe
2024-12-29 13:23:18 [main] INFO  c.nagarro.ExitTest.utility.BaseTest - Stating test case: navigateToShopsyPage
2024-12-29 13:23:18 [main] INFO  c.nagarro.ExitTest.utility.BaseTest - navigating to shopsy website
2024-12-29 13:23:22 [main] INFO  c.nagarro.ExitTest.utility.BaseTest - Test passed: navigated to shopsy
2024-12-29 13:23:22 [main] INFO  c.nagarro.ExitTest.utility.BaseTest - Setting up for test class: Test_FlightsPage
2024-12-29 13:23:22 [main] DEBUG i.g.bonigarcia.wdm.WebDriverManager - Using WebDriverManager 5.9.2
2024-12-29 13:23:22 [main] DEBUG i.g.b.wdm.cache.ResolutionCache - Resolution chrome=131 in cache (valid until 13:40:54 29/12/2024 IST)
2024-12-29 13:23:22 [main] DEBUG i.g.b.wdm.cache.ResolutionCache - Resolution chrome131=131.0.6778.204 in cache (valid until 12:40:54 30/12/2024 IST)
2024-12-29 13:23:22 [main] INFO  i.g.bonigarcia.wdm.WebDriverManager - Using chromedriver 131.0.6778.204 (resolved driver for Chrome 131)
2024-12-29 13:23:22 [main] DEBUG i.g.bonigarcia.wdm.WebDriverManager - Driver chromedriver 131.0.6778.204 found in cache
2024-12-29 13:23:22 [main] INFO  i.g.bonigarcia.wdm.WebDriverManager - Exporting webdriver.chrome.driver as C:\Users\dhruvshingari\.cache\selenium\chromedriver\win64\131.0.6778.204\chromedriver.exe
2024-12-29 13:23:28 [main] INFO  c.nagarro.ExitTest.utility.BaseTest - Stating test case: OneWayFlight
2024-12-29 13:23:28 [main] INFO  c.nagarro.ExitTest.utility.BaseTest - navigating to flight page
2024-12-29 13:23:31 [main] INFO  c.nagarro.ExitTest.utility.BaseTest - searching for one way flight
2024-12-29 13:23:35 [main] INFO  c.nagarro.ExitTest.utility.BaseTest - Test passed: Desired result is visible
2024-12-29 13:23:35 [main] INFO  c.nagarro.ExitTest.utility.BaseTest - Setting up for test class: Test_FlightsPage
2024-12-29 13:23:35 [main] DEBUG i.g.bonigarcia.wdm.WebDriverManager - Using WebDriverManager 5.9.2
2024-12-29 13:23:35 [main] DEBUG i.g.b.wdm.cache.ResolutionCache - Resolution chrome=131 in cache (valid until 13:40:54 29/12/2024 IST)
2024-12-29 13:23:35 [main] DEBUG i.g.b.wdm.cache.ResolutionCache - Resolution chrome131=131.0.6778.204 in cache (valid until 12:40:54 30/12/2024 IST)
2024-12-29 13:23:35 [main] INFO  i.g.bonigarcia.wdm.WebDriverManager - Using chromedriver 131.0.6778.204 (resolved driver for Chrome 131)
2024-12-29 13:23:35 [main] DEBUG i.g.bonigarcia.wdm.WebDriverManager - Driver chromedriver 131.0.6778.204 found in cache
2024-12-29 13:23:35 [main] INFO  i.g.bonigarcia.wdm.WebDriverManager - Exporting webdriver.chrome.driver as C:\Users\dhruvshingari\.cache\selenium\chromedriver\win64\131.0.6778.204\chromedriver.exe
2024-12-29 13:23:45 [main] INFO  c.nagarro.ExitTest.utility.BaseTest - Stating test case: RoundTripFlight
2024-12-29 13:23:45 [main] INFO  c.nagarro.ExitTest.utility.BaseTest - navigating to flight page
2024-12-29 13:23:49 [main] INFO  c.nagarro.ExitTest.utility.BaseTest - searching for round trip flight
2024-12-29 13:23:55 [main] INFO  c.nagarro.ExitTest.utility.BaseTest - Test passed: Desired result is visible
2024-12-29 13:23:55 [main] INFO  c.nagarro.ExitTest.utility.BaseTest - Setting up for test class: Test_SupportPage
2024-12-29 13:23:55 [main] DEBUG i.g.bonigarcia.wdm.WebDriverManager - Using WebDriverManager 5.9.2
2024-12-29 13:23:55 [main] DEBUG i.g.b.wdm.cache.ResolutionCache - Resolution chrome=131 in cache (valid until 13:40:54 29/12/2024 IST)
2024-12-29 13:23:55 [main] DEBUG i.g.b.wdm.cache.ResolutionCache - Resolution chrome131=131.0.6778.204 in cache (valid until 12:40:54 30/12/2024 IST)
2024-12-29 13:23:55 [main] INFO  i.g.bonigarcia.wdm.WebDriverManager - Using chromedriver 131.0.6778.204 (resolved driver for Chrome 131)
2024-12-29 13:23:55 [main] DEBUG i.g.bonigarcia.wdm.WebDriverManager - Driver chromedriver 131.0.6778.204 found in cache
2024-12-29 13:23:55 [main] INFO  i.g.bonigarcia.wdm.WebDriverManager - Exporting webdriver.chrome.driver as C:\Users\dhruvshingari\.cache\selenium\chromedriver\win64\131.0.6778.204\chromedriver.exe
2024-12-29 13:24:02 [main] INFO  c.nagarro.ExitTest.utility.BaseTest - Starting test: VerifySupportPageTopics
2024-12-29 13:24:02 [main] INFO  c.nagarro.ExitTest.utility.BaseTest - Verifying support page is visible or not.
2024-12-29 13:24:04 [main] INFO  c.nagarro.ExitTest.utility.BaseTest - Customer support button clicked
2024-12-29 13:24:05 [main] INFO  c.nagarro.ExitTest.utility.BaseTest - Test case passed: Customer support page is visible
2024-12-29 13:24:05 [main] INFO  c.nagarro.ExitTest.utility.BaseTest - Verifying delivery topic is visible
2024-12-29 13:24:05 [main] INFO  c.nagarro.ExitTest.utility.BaseTest - Help topic delivery related clicked
2024-12-29 13:24:06 [main] INFO  c.nagarro.ExitTest.utility.BaseTest - Help topic delivery related is visible
2024-12-29 13:24:06 [main] INFO  c.nagarro.ExitTest.utility.BaseTest - Verifying refund topic is visible
2024-12-29 13:24:06 [main] INFO  c.nagarro.ExitTest.utility.BaseTest - Help topic refund related clicked
2024-12-29 13:24:06 [main] INFO  c.nagarro.ExitTest.utility.BaseTest - Help topic refund related is visible
2024-12-29 13:24:06 [main] INFO  c.nagarro.ExitTest.utility.BaseTest - Completed test: VerifySupportPageTopics
2024-12-29 13:24:07 [main] INFO  c.nagarro.ExitTest.utility.BaseTest - Setting up for test class: Test_GroceryPage
2024-12-29 13:24:07 [main] DEBUG i.g.bonigarcia.wdm.WebDriverManager - Using WebDriverManager 5.9.2
2024-12-29 13:24:07 [main] DEBUG i.g.b.wdm.cache.ResolutionCache - Resolution chrome=131 in cache (valid until 13:40:54 29/12/2024 IST)
2024-12-29 13:24:07 [main] DEBUG i.g.b.wdm.cache.ResolutionCache - Resolution chrome131=131.0.6778.204 in cache (valid until 12:40:54 30/12/2024 IST)
2024-12-29 13:24:07 [main] INFO  i.g.bonigarcia.wdm.WebDriverManager - Using chromedriver 131.0.6778.204 (resolved driver for Chrome 131)
2024-12-29 13:24:07 [main] DEBUG i.g.bonigarcia.wdm.WebDriverManager - Driver chromedriver 131.0.6778.204 found in cache
2024-12-29 13:24:07 [main] INFO  i.g.bonigarcia.wdm.WebDriverManager - Exporting webdriver.chrome.driver as C:\Users\dhruvshingari\.cache\selenium\chromedriver\win64\131.0.6778.204\chromedriver.exe
2024-12-29 13:24:13 [main] INFO  c.nagarro.ExitTest.utility.BaseTest - Starting test case: SearchGroceryItem
2024-12-29 13:24:13 [main] INFO  c.nagarro.ExitTest.utility.BaseTest - navigating to grocery page
2024-12-29 13:24:15 [main] INFO  c.nagarro.ExitTest.utility.BaseTest - Verifying Grocery page is visible or not
2024-12-29 13:24:15 [main] INFO  c.nagarro.ExitTest.utility.BaseTest - Entering pincode 143001
2024-12-29 13:24:15 [main] INFO  c.nagarro.ExitTest.utility.BaseTest - Searching for item:
2024-12-29 13:24:17 [main] INFO  c.nagarro.ExitTest.utility.BaseTest - Test case passed: Searched product chips is visible
2024-12-29 13:26:00 [main] INFO  c.nagarro.ExitTest.utility.BaseTest - Setting up for test class: Test_FlightsPage
2024-12-29 13:26:00 [main] DEBUG i.g.bonigarcia.wdm.WebDriverManager - Using WebDriverManager 5.9.2
2024-12-29 13:26:00 [main] DEBUG i.g.b.wdm.cache.ResolutionCache - Resolution chrome=131 in cache (valid until 13:40:54 29/12/2024 IST)
2024-12-29 13:26:00 [main] DEBUG i.g.b.wdm.cache.ResolutionCache - Resolution chrome131=131.0.6778.204 in cache (valid until 12:40:54 30/12/2024 IST)
2024-12-29 13:26:00 [main] INFO  i.g.bonigarcia.wdm.WebDriverManager - Using chromedriver 131.0.6778.204 (resolved driver for Chrome 131)
2024-12-29 13:26:00 [main] DEBUG i.g.bonigarcia.wdm.WebDriverManager - Driver chromedriver 131.0.6778.204 found in cache
2024-12-29 13:26:00 [main] INFO  i.g.bonigarcia.wdm.WebDriverManager - Exporting webdriver.chrome.driver as C:\Users\dhruvshingari\.cache\selenium\chromedriver\win64\131.0.6778.204\chromedriver.exe
2024-12-29 13:26:26 [main] INFO  c.nagarro.ExitTest.utility.BaseTest - Stating test case: OneWayFlight
2024-12-29 13:26:26 [main] INFO  c.nagarro.ExitTest.utility.BaseTest - navigating to flight page
2024-12-29 13:26:26 [main] ERROR c.nagarro.ExitTest.utility.BaseTest - Test failed: Desired result not visible
org.openqa.selenium.NoSuchWindowException: no such window: target window already closed
from unknown error: web view not found
  (Session info: chrome=131.0.6778.205)
Build info: version: '4.25.0', revision: '8a8aea2337'
System info: os.name: 'Windows 11', os.arch: 'amd64', os.version: '10.0', java.version: '17.0.10'
Driver info: org.openqa.selenium.chrome.ChromeDriver
Command: [14eed879e8698675584759f00a938489, findElement {value=//span[contains(text(),'Flight Bookings')], using=xpath}]
Capabilities {acceptInsecureCerts: false, browserName: chrome, browserVersion: 131.0.6778.205, chrome: {chromedriverVersion: 131.0.6778.204 (52183f9e99a..., userDataDir: C:\Users\DHRUVS~1\AppData\L...}, fedcm:accounts: true, goog:chromeOptions: {debuggerAddress: localhost:53286}, networkConnectionEnabled: false, pageLoadStrategy: normal, platformName: windows, proxy: Proxy(), se:cdp: ws://localhost:53286/devtoo..., se:cdpVersion: 131.0.6778.205, setWindowRect: true, strictFileInteractability: false, timeouts: {implicit: 0, pageLoad: 300000, script: 30000}, unhandledPromptBehavior: dismiss and notify, webauthn:extension:credBlob: true, webauthn:extension:largeBlob: true, webauthn:extension:minPinLength: true, webauthn:extension:prf: true, webauthn:virtualAuthenticators: true}
Session ID: 14eed879e8698675584759f00a938489
	at java.base/jdk.internal.reflect.NativeConstructorAccessorImpl.newInstance0(Native Method)
	at java.base/jdk.internal.reflect.NativeConstructorAccessorImpl.newInstance(NativeConstructorAccessorImpl.java:77)
	at java.base/jdk.internal.reflect.DelegatingConstructorAccessorImpl.newInstance(DelegatingConstructorAccessorImpl.java:45)
	at java.base/java.lang.reflect.Constructor.newInstanceWithCaller(Constructor.java:499)
	at java.base/java.lang.reflect.Constructor.newInstance(Constructor.java:480)
	at org.openqa.selenium.remote.ErrorCodec.decode(ErrorCodec.java:167)
	at org.openqa.selenium.remote.codec.w3c.W3CHttpResponseCodec.decode(W3CHttpResponseCodec.java:138)
	at org.openqa.selenium.remote.codec.w3c.W3CHttpResponseCodec.decode(W3CHttpResponseCodec.java:50)
	at org.openqa.selenium.remote.HttpCommandExecutor.execute(HttpCommandExecutor.java:190)
	at org.openqa.selenium.remote.service.DriverCommandExecutor.invokeExecute(DriverCommandExecutor.java:216)
	at org.openqa.selenium.remote.service.DriverCommandExecutor.execute(DriverCommandExecutor.java:174)
	at org.openqa.selenium.remote.RemoteWebDriver.execute(RemoteWebDriver.java:545)
	at org.openqa.selenium.remote.ElementLocation$ElementFinder$2.findElement(ElementLocation.java:165)
	at org.openqa.selenium.remote.ElementLocation.findElement(ElementLocation.java:59)
	at org.openqa.selenium.remote.RemoteWebDriver.findElement(RemoteWebDriver.java:368)
	at org.openqa.selenium.remote.RemoteWebDriver.findElement(RemoteWebDriver.java:362)
	at org.openqa.selenium.support.pagefactory.DefaultElementLocator.findElement(DefaultElementLocator.java:68)
	at org.openqa.selenium.support.pagefactory.internal.LocatingElementHandler.invoke(LocatingElementHandler.java:38)
	at jdk.proxy2/jdk.proxy2.$Proxy15.click(Unknown Source)
	at com.nagarro.ExitTest.pages.HomePage.clickTravelPageLink(HomePage.java:84)
	at com.nagarro.ExitTest.Tests.Test_FlightsPage.test_searchOneWayFlight(Test_FlightsPage.java:25)
	at java.base/jdk.internal.reflect.NativeMethodAccessorImpl.invoke0(Native Method)
	at java.base/jdk.internal.reflect.NativeMethodAccessorImpl.invoke(NativeMethodAccessorImpl.java:77)
	at java.base/jdk.internal.reflect.DelegatingMethodAccessorImpl.invoke(DelegatingMethodAccessorImpl.java:43)
	at java.base/java.lang.reflect.Method.invoke(Method.java:568)
	at org.testng.internal.invokers.MethodInvocationHelper.invokeMethod(MethodInvocationHelper.java:141)
	at org.testng.internal.invokers.TestInvoker.invokeMethod(TestInvoker.java:686)
	at org.testng.internal.invokers.TestInvoker.invokeTestMethod(TestInvoker.java:230)
	at org.testng.internal.invokers.MethodRunner.runInSequence(MethodRunner.java:63)
	at org.testng.internal.invokers.TestInvoker$MethodInvocationAgent.invoke(TestInvoker.java:992)
	at org.testng.internal.invokers.TestInvoker.invokeTestMethods(TestInvoker.java:203)
	at org.testng.internal.invokers.TestMethodWorker.invokeTestMethods(TestMethodWorker.java:154)
	at org.testng.internal.invokers.TestMethodWorker.run(TestMethodWorker.java:134)
	at java.base/java.util.ArrayList.forEach(ArrayList.java:1511)
	at org.testng.TestRunner.privateRun(TestRunner.java:739)
	at org.testng.TestRunner.run(TestRunner.java:614)
	at org.testng.SuiteRunner.runTest(SuiteRunner.java:421)
	at org.testng.SuiteRunner.runSequentially(SuiteRunner.java:413)
	at org.testng.SuiteRunner.privateRun(SuiteRunner.java:373)
	at org.testng.SuiteRunner.run(SuiteRunner.java:312)
	at org.testng.SuiteRunnerWorker.runSuite(SuiteRunnerWorker.java:52)
	at org.testng.SuiteRunnerWorker.run(SuiteRunnerWorker.java:95)
	at org.testng.TestNG.runSuitesSequentially(TestNG.java:1274)
	at org.testng.TestNG.runSuitesLocally(TestNG.java:1208)
	at org.testng.TestNG.runSuites(TestNG.java:1112)
	at org.testng.TestNG.run(TestNG.java:1079)
	at org.apache.maven.surefire.testng.TestNGExecutor.run(TestNGExecutor.java:155)
	at org.apache.maven.surefire.testng.TestNGDirectoryTestSuite.executeMulti(TestNGDirectoryTestSuite.java:169)
	at org.apache.maven.surefire.testng.TestNGDirectoryTestSuite.execute(TestNGDirectoryTestSuite.java:88)
	at org.apache.maven.surefire.testng.TestNGProvider.invoke(TestNGProvider.java:137)
	at org.apache.maven.surefire.booter.ForkedBooter.runSuitesInProcess(ForkedBooter.java:385)
	at org.apache.maven.surefire.booter.ForkedBooter.execute(ForkedBooter.java:162)
	at org.apache.maven.surefire.booter.ForkedBooter.run(ForkedBooter.java:507)
	at org.apache.maven.surefire.booter.ForkedBooter.main(ForkedBooter.java:495)
2024-12-29 13:26:27 [main] INFO  c.nagarro.ExitTest.utility.BaseTest - Setting up for test class: Test_FlightsPage
2024-12-29 13:26:27 [main] DEBUG i.g.bonigarcia.wdm.WebDriverManager - Using WebDriverManager 5.9.2
2024-12-29 13:26:27 [main] DEBUG i.g.b.wdm.cache.ResolutionCache - Resolution chrome=131 in cache (valid until 13:40:54 29/12/2024 IST)
2024-12-29 13:26:27 [main] DEBUG i.g.b.wdm.cache.ResolutionCache - Resolution chrome131=131.0.6778.204 in cache (valid until 12:40:54 30/12/2024 IST)
2024-12-29 13:26:27 [main] INFO  i.g.bonigarcia.wdm.WebDriverManager - Using chromedriver 131.0.6778.204 (resolved driver for Chrome 131)
2024-12-29 13:26:27 [main] DEBUG i.g.bonigarcia.wdm.WebDriverManager - Driver chromedriver 131.0.6778.204 found in cache
2024-12-29 13:26:27 [main] INFO  i.g.bonigarcia.wdm.WebDriverManager - Exporting webdriver.chrome.driver as C:\Users\dhruvshingari\.cache\selenium\chromedriver\win64\131.0.6778.204\chromedriver.exe
2024-12-29 13:27:34 [main] INFO  c.nagarro.ExitTest.utility.BaseTest - Setting up for test class: Test_FlightsPage
2024-12-29 13:27:34 [main] DEBUG i.g.bonigarcia.wdm.WebDriverManager - Using WebDriverManager 5.9.2
2024-12-29 13:27:35 [main] DEBUG i.g.b.wdm.cache.ResolutionCache - Resolution chrome=131 in cache (valid until 13:40:54 29/12/2024 IST)
2024-12-29 13:27:35 [main] DEBUG i.g.b.wdm.cache.ResolutionCache - Resolution chrome131=131.0.6778.204 in cache (valid until 12:40:54 30/12/2024 IST)
2024-12-29 13:27:35 [main] INFO  i.g.bonigarcia.wdm.WebDriverManager - Using chromedriver 131.0.6778.204 (resolved driver for Chrome 131)
2024-12-29 13:27:35 [main] DEBUG i.g.bonigarcia.wdm.WebDriverManager - Driver chromedriver 131.0.6778.204 found in cache
2024-12-29 13:27:35 [main] INFO  i.g.bonigarcia.wdm.WebDriverManager - Exporting webdriver.chrome.driver as C:\Users\dhruvshingari\.cache\selenium\chromedriver\win64\131.0.6778.204\chromedriver.exe
2024-12-29 13:27:43 [main] INFO  c.nagarro.ExitTest.utility.BaseTest - Stating test case: OneWayFlight
2024-12-29 13:27:43 [main] INFO  c.nagarro.ExitTest.utility.BaseTest - navigating to flight page
2024-12-29 13:27:46 [main] INFO  c.nagarro.ExitTest.utility.BaseTest - searching for one way flight
2024-12-29 13:27:51 [main] INFO  c.nagarro.ExitTest.utility.BaseTest - Test passed: Desired result is visible
2024-12-29 13:27:51 [main] INFO  c.nagarro.ExitTest.utility.BaseTest - Setting up for test class: Test_FlightsPage
2024-12-29 13:27:51 [main] DEBUG i.g.bonigarcia.wdm.WebDriverManager - Using WebDriverManager 5.9.2
2024-12-29 13:27:51 [main] DEBUG i.g.b.wdm.cache.ResolutionCache - Resolution chrome=131 in cache (valid until 13:40:54 29/12/2024 IST)
2024-12-29 13:27:51 [main] DEBUG i.g.b.wdm.cache.ResolutionCache - Resolution chrome131=131.0.6778.204 in cache (valid until 12:40:54 30/12/2024 IST)
2024-12-29 13:27:51 [main] INFO  i.g.bonigarcia.wdm.WebDriverManager - Using chromedriver 131.0.6778.204 (resolved driver for Chrome 131)
2024-12-29 13:27:51 [main] DEBUG i.g.bonigarcia.wdm.WebDriverManager - Driver chromedriver 131.0.6778.204 found in cache
2024-12-29 13:27:51 [main] INFO  i.g.bonigarcia.wdm.WebDriverManager - Exporting webdriver.chrome.driver as C:\Users\dhruvshingari\.cache\selenium\chromedriver\win64\131.0.6778.204\chromedriver.exe
2024-12-29 13:27:58 [main] INFO  c.nagarro.ExitTest.utility.BaseTest - Stating test case: RoundTripFlight
2024-12-29 13:27:58 [main] INFO  c.nagarro.ExitTest.utility.BaseTest - navigating to flight page
2024-12-29 13:28:00 [main] INFO  c.nagarro.ExitTest.utility.BaseTest - searching for round trip flight
2024-12-29 13:28:09 [main] INFO  c.nagarro.ExitTest.utility.BaseTest - Test passed: Desired result is visible
2024-12-29 13:28:09 [main] INFO  c.nagarro.ExitTest.utility.BaseTest - Setting up for test class: Test_GroceryPage
2024-12-29 13:28:09 [main] DEBUG i.g.bonigarcia.wdm.WebDriverManager - Using WebDriverManager 5.9.2
2024-12-29 13:28:09 [main] DEBUG i.g.b.wdm.cache.ResolutionCache - Resolution chrome=131 in cache (valid until 13:40:54 29/12/2024 IST)
2024-12-29 13:28:09 [main] DEBUG i.g.b.wdm.cache.ResolutionCache - Resolution chrome131=131.0.6778.204 in cache (valid until 12:40:54 30/12/2024 IST)
2024-12-29 13:28:09 [main] INFO  i.g.bonigarcia.wdm.WebDriverManager - Using chromedriver 131.0.6778.204 (resolved driver for Chrome 131)
2024-12-29 13:28:09 [main] DEBUG i.g.bonigarcia.wdm.WebDriverManager - Driver chromedriver 131.0.6778.204 found in cache
2024-12-29 13:28:09 [main] INFO  i.g.bonigarcia.wdm.WebDriverManager - Exporting webdriver.chrome.driver as C:\Users\dhruvshingari\.cache\selenium\chromedriver\win64\131.0.6778.204\chromedriver.exe
2024-12-29 13:28:15 [main] INFO  c.nagarro.ExitTest.utility.BaseTest - Starting test case: SearchGroceryItem
2024-12-29 13:28:15 [main] INFO  c.nagarro.ExitTest.utility.BaseTest - navigating to grocery page
2024-12-29 13:28:17 [main] INFO  c.nagarro.ExitTest.utility.BaseTest - Verifying Grocery page is visible or not
2024-12-29 13:28:17 [main] INFO  c.nagarro.ExitTest.utility.BaseTest - Entering pincode 143001
2024-12-29 13:28:17 [main] INFO  c.nagarro.ExitTest.utility.BaseTest - Searching for item:
2024-12-29 13:28:19 [main] INFO  c.nagarro.ExitTest.utility.BaseTest - Test case passed: Searched product chips is visible
2024-12-29 13:28:19 [main] INFO  c.nagarro.ExitTest.utility.BaseTest - Setting up for test class: Test_GroupCompanies
2024-12-29 13:28:19 [main] DEBUG i.g.bonigarcia.wdm.WebDriverManager - Using WebDriverManager 5.9.2
2024-12-29 13:28:19 [main] DEBUG i.g.b.wdm.cache.ResolutionCache - Resolution chrome=131 in cache (valid until 13:40:54 29/12/2024 IST)
2024-12-29 13:28:19 [main] DEBUG i.g.b.wdm.cache.ResolutionCache - Resolution chrome131=131.0.6778.204 in cache (valid until 12:40:54 30/12/2024 IST)
2024-12-29 13:28:19 [main] INFO  i.g.bonigarcia.wdm.WebDriverManager - Using chromedriver 131.0.6778.204 (resolved driver for Chrome 131)
2024-12-29 13:28:19 [main] DEBUG i.g.bonigarcia.wdm.WebDriverManager - Driver chromedriver 131.0.6778.204 found in cache
2024-12-29 13:28:19 [main] INFO  i.g.bonigarcia.wdm.WebDriverManager - Exporting webdriver.chrome.driver as C:\Users\dhruvshingari\.cache\selenium\chromedriver\win64\131.0.6778.204\chromedriver.exe
2024-12-29 13:28:23 [main] INFO  c.nagarro.ExitTest.utility.BaseTest - Stating test case: navigateToMyntraPage
2024-12-29 13:28:23 [main] INFO  c.nagarro.ExitTest.utility.BaseTest - navigating to myntra website
2024-12-29 13:28:27 [main] INFO  c.nagarro.ExitTest.utility.BaseTest - Test passed: navigated to myntra
2024-12-29 13:28:28 [main] INFO  c.nagarro.ExitTest.utility.BaseTest - Setting up for test class: Test_GroupCompanies
2024-12-29 13:28:28 [main] DEBUG i.g.bonigarcia.wdm.WebDriverManager - Using WebDriverManager 5.9.2
2024-12-29 13:28:28 [main] DEBUG i.g.b.wdm.cache.ResolutionCache - Resolution chrome=131 in cache (valid until 13:40:54 29/12/2024 IST)
2024-12-29 13:28:28 [main] DEBUG i.g.b.wdm.cache.ResolutionCache - Resolution chrome131=131.0.6778.204 in cache (valid until 12:40:54 30/12/2024 IST)
2024-12-29 13:28:28 [main] INFO  i.g.bonigarcia.wdm.WebDriverManager - Using chromedriver 131.0.6778.204 (resolved driver for Chrome 131)
2024-12-29 13:28:28 [main] DEBUG i.g.bonigarcia.wdm.WebDriverManager - Driver chromedriver 131.0.6778.204 found in cache
2024-12-29 13:28:28 [main] INFO  i.g.bonigarcia.wdm.WebDriverManager - Exporting webdriver.chrome.driver as C:\Users\dhruvshingari\.cache\selenium\chromedriver\win64\131.0.6778.204\chromedriver.exe
2024-12-29 13:28:32 [main] INFO  c.nagarro.ExitTest.utility.BaseTest - Stating test case: navigateToCleartripPage
2024-12-29 13:28:32 [main] INFO  c.nagarro.ExitTest.utility.BaseTest - navigating to cleartrip website
2024-12-29 13:28:36 [main] INFO  c.nagarro.ExitTest.utility.BaseTest - Test passed: navigated to cleartrip
2024-12-29 13:28:36 [main] INFO  c.nagarro.ExitTest.utility.BaseTest - Setting up for test class: Test_GroupCompanies
2024-12-29 13:28:36 [main] DEBUG i.g.bonigarcia.wdm.WebDriverManager - Using WebDriverManager 5.9.2
2024-12-29 13:28:36 [main] DEBUG i.g.b.wdm.cache.ResolutionCache - Resolution chrome=131 in cache (valid until 13:40:54 29/12/2024 IST)
2024-12-29 13:28:36 [main] DEBUG i.g.b.wdm.cache.ResolutionCache - Resolution chrome131=131.0.6778.204 in cache (valid until 12:40:54 30/12/2024 IST)
2024-12-29 13:28:36 [main] INFO  i.g.bonigarcia.wdm.WebDriverManager - Using chromedriver 131.0.6778.204 (resolved driver for Chrome 131)
2024-12-29 13:28:36 [main] DEBUG i.g.bonigarcia.wdm.WebDriverManager - Driver chromedriver 131.0.6778.204 found in cache
2024-12-29 13:28:36 [main] INFO  i.g.bonigarcia.wdm.WebDriverManager - Exporting webdriver.chrome.driver as C:\Users\dhruvshingari\.cache\selenium\chromedriver\win64\131.0.6778.204\chromedriver.exe
2024-12-29 13:28:41 [main] INFO  c.nagarro.ExitTest.utility.BaseTest - Stating test case: navigateToShopsyPage
2024-12-29 13:28:41 [main] INFO  c.nagarro.ExitTest.utility.BaseTest - navigating to shopsy website
2024-12-29 13:28:43 [main] INFO  c.nagarro.ExitTest.utility.BaseTest - Test passed: navigated to shopsy
2024-12-29 13:28:43 [main] INFO  c.nagarro.ExitTest.utility.BaseTest - Setting up for test class: Test_Home
2024-12-29 13:28:43 [main] DEBUG i.g.bonigarcia.wdm.WebDriverManager - Using WebDriverManager 5.9.2
2024-12-29 13:28:43 [main] DEBUG i.g.b.wdm.cache.ResolutionCache - Resolution chrome=131 in cache (valid until 13:40:54 29/12/2024 IST)
2024-12-29 13:28:43 [main] DEBUG i.g.b.wdm.cache.ResolutionCache - Resolution chrome131=131.0.6778.204 in cache (valid until 12:40:54 30/12/2024 IST)
2024-12-29 13:28:43 [main] INFO  i.g.bonigarcia.wdm.WebDriverManager - Using chromedriver 131.0.6778.204 (resolved driver for Chrome 131)
2024-12-29 13:28:43 [main] DEBUG i.g.bonigarcia.wdm.WebDriverManager - Driver chromedriver 131.0.6778.204 found in cache
2024-12-29 13:28:43 [main] INFO  i.g.bonigarcia.wdm.WebDriverManager - Exporting webdriver.chrome.driver as C:\Users\dhruvshingari\.cache\selenium\chromedriver\win64\131.0.6778.204\chromedriver.exe
2024-12-29 13:28:47 [main] INFO  c.nagarro.ExitTest.utility.BaseTest - Starting test case: verifyHomePageIsVisibleSuccessfully
2024-12-29 13:28:47 [main] INFO  c.nagarro.ExitTest.utility.BaseTest - Verifying if the home page is visible
2024-12-29 13:28:47 [main] INFO  c.nagarro.ExitTest.utility.BaseTest - Test passed: Home page is visible
2024-12-29 13:28:48 [main] INFO  c.nagarro.ExitTest.utility.BaseTest - Setting up for test class: Test_Home
2024-12-29 13:28:48 [main] DEBUG i.g.bonigarcia.wdm.WebDriverManager - Using WebDriverManager 5.9.2
2024-12-29 13:28:48 [main] DEBUG i.g.b.wdm.cache.ResolutionCache - Resolution chrome=131 in cache (valid until 13:40:54 29/12/2024 IST)
2024-12-29 13:28:48 [main] DEBUG i.g.b.wdm.cache.ResolutionCache - Resolution chrome131=131.0.6778.204 in cache (valid until 12:40:54 30/12/2024 IST)
2024-12-29 13:28:48 [main] INFO  i.g.bonigarcia.wdm.WebDriverManager - Using chromedriver 131.0.6778.204 (resolved driver for Chrome 131)
2024-12-29 13:28:48 [main] DEBUG i.g.bonigarcia.wdm.WebDriverManager - Driver chromedriver 131.0.6778.204 found in cache
2024-12-29 13:28:48 [main] INFO  i.g.bonigarcia.wdm.WebDriverManager - Exporting webdriver.chrome.driver as C:\Users\dhruvshingari\.cache\selenium\chromedriver\win64\131.0.6778.204\chromedriver.exe
2024-12-29 13:28:53 [main] INFO  c.nagarro.ExitTest.utility.BaseTest - Starting test case: searchForAProduct
2024-12-29 13:28:53 [main] INFO  c.nagarro.ExitTest.utility.BaseTest - search functionality test
2024-12-29 13:28:56 [main] INFO  c.nagarro.ExitTest.utility.BaseTest - Test passed: Searched product is visible
2024-12-29 13:28:56 [main] INFO  c.nagarro.ExitTest.utility.BaseTest - Setting up for test class: Test_Home
2024-12-29 13:28:56 [main] DEBUG i.g.bonigarcia.wdm.WebDriverManager - Using WebDriverManager 5.9.2
2024-12-29 13:28:56 [main] DEBUG i.g.b.wdm.cache.ResolutionCache - Resolution chrome=131 in cache (valid until 13:40:54 29/12/2024 IST)
2024-12-29 13:28:56 [main] DEBUG i.g.b.wdm.cache.ResolutionCache - Resolution chrome131=131.0.6778.204 in cache (valid until 12:40:54 30/12/2024 IST)
2024-12-29 13:28:56 [main] INFO  i.g.bonigarcia.wdm.WebDriverManager - Using chromedriver 131.0.6778.204 (resolved driver for Chrome 131)
2024-12-29 13:28:56 [main] DEBUG i.g.bonigarcia.wdm.WebDriverManager - Driver chromedriver 131.0.6778.204 found in cache
2024-12-29 13:28:56 [main] INFO  i.g.bonigarcia.wdm.WebDriverManager - Exporting webdriver.chrome.driver as C:\Users\dhruvshingari\.cache\selenium\chromedriver\win64\131.0.6778.204\chromedriver.exe
2024-12-29 13:29:02 [main] INFO  c.nagarro.ExitTest.utility.BaseTest - Starting test case: searchForAProduct
2024-12-29 13:29:02 [main] INFO  c.nagarro.ExitTest.utility.BaseTest - search functionality test
2024-12-29 13:29:06 [main] INFO  c.nagarro.ExitTest.utility.BaseTest - Test passed: Searched product is visible
2024-12-29 13:29:06 [main] INFO  c.nagarro.ExitTest.utility.BaseTest - Setting up for test class: Test_Home
2024-12-29 13:29:06 [main] DEBUG i.g.bonigarcia.wdm.WebDriverManager - Using WebDriverManager 5.9.2
2024-12-29 13:29:06 [main] DEBUG i.g.b.wdm.cache.ResolutionCache - Resolution chrome=131 in cache (valid until 13:40:54 29/12/2024 IST)
2024-12-29 13:29:06 [main] DEBUG i.g.b.wdm.cache.ResolutionCache - Resolution chrome131=131.0.6778.204 in cache (valid until 12:40:54 30/12/2024 IST)
2024-12-29 13:29:06 [main] INFO  i.g.bonigarcia.wdm.WebDriverManager - Using chromedriver 131.0.6778.204 (resolved driver for Chrome 131)
2024-12-29 13:29:06 [main] DEBUG i.g.bonigarcia.wdm.WebDriverManager - Driver chromedriver 131.0.6778.204 found in cache
2024-12-29 13:29:06 [main] INFO  i.g.bonigarcia.wdm.WebDriverManager - Exporting webdriver.chrome.driver as C:\Users\dhruvshingari\.cache\selenium\chromedriver\win64\131.0.6778.204\chromedriver.exe
2024-12-29 13:29:11 [main] INFO  c.nagarro.ExitTest.utility.BaseTest - Stating test case: navigateTocartPage
2024-12-29 13:29:11 [main] INFO  c.nagarro.ExitTest.utility.BaseTest - navigating to cart page
2024-12-29 13:29:12 [main] INFO  c.nagarro.ExitTest.utility.BaseTest - Test passed: cart page is visible
2024-12-29 13:29:13 [main] INFO  c.nagarro.ExitTest.utility.BaseTest - Setting up for test class: Test_Home
2024-12-29 13:29:13 [main] DEBUG i.g.bonigarcia.wdm.WebDriverManager - Using WebDriverManager 5.9.2
2024-12-29 13:29:13 [main] DEBUG i.g.b.wdm.cache.ResolutionCache - Resolution chrome=131 in cache (valid until 13:40:54 29/12/2024 IST)
2024-12-29 13:29:13 [main] DEBUG i.g.b.wdm.cache.ResolutionCache - Resolution chrome131=131.0.6778.204 in cache (valid until 12:40:54 30/12/2024 IST)
2024-12-29 13:29:13 [main] INFO  i.g.bonigarcia.wdm.WebDriverManager - Using chromedriver 131.0.6778.204 (resolved driver for Chrome 131)
2024-12-29 13:29:13 [main] DEBUG i.g.bonigarcia.wdm.WebDriverManager - Driver chromedriver 131.0.6778.204 found in cache
2024-12-29 13:29:13 [main] INFO  i.g.bonigarcia.wdm.WebDriverManager - Exporting webdriver.chrome.driver as C:\Users\dhruvshingari\.cache\selenium\chromedriver\win64\131.0.6778.204\chromedriver.exe
2024-12-29 13:29:19 [main] INFO  c.nagarro.ExitTest.utility.BaseTest - Stating test case: navigateToSellerPage
2024-12-29 13:29:19 [main] INFO  c.nagarro.ExitTest.utility.BaseTest - navigating to seller page
2024-12-29 13:29:24 [main] INFO  c.nagarro.ExitTest.utility.BaseTest - Test passed: seller page is visible
2024-12-29 13:29:27 [main] INFO  c.nagarro.ExitTest.utility.BaseTest - Setting up for test class: Test_Home
2024-12-29 13:29:27 [main] DEBUG i.g.bonigarcia.wdm.WebDriverManager - Using WebDriverManager 5.9.2
2024-12-29 13:29:27 [main] DEBUG i.g.b.wdm.cache.ResolutionCache - Resolution chrome=131 in cache (valid until 13:40:54 29/12/2024 IST)
2024-12-29 13:29:27 [main] DEBUG i.g.b.wdm.cache.ResolutionCache - Resolution chrome131=131.0.6778.204 in cache (valid until 12:40:54 30/12/2024 IST)
2024-12-29 13:29:27 [main] INFO  i.g.bonigarcia.wdm.WebDriverManager - Using chromedriver 131.0.6778.204 (resolved driver for Chrome 131)
2024-12-29 13:29:27 [main] DEBUG i.g.bonigarcia.wdm.WebDriverManager - Driver chromedriver 131.0.6778.204 found in cache
2024-12-29 13:29:27 [main] INFO  i.g.bonigarcia.wdm.WebDriverManager - Exporting webdriver.chrome.driver as C:\Users\dhruvshingari\.cache\selenium\chromedriver\win64\131.0.6778.204\chromedriver.exe
2024-12-29 13:29:32 [main] INFO  c.nagarro.ExitTest.utility.BaseTest - Stating test case: navigateToAppliancesPage
2024-12-29 13:29:32 [main] INFO  c.nagarro.ExitTest.utility.BaseTest - navigating to appliances page
2024-12-29 13:29:34 [main] INFO  c.nagarro.ExitTest.utility.BaseTest - Test passed: Appliances page is visible
2024-12-29 13:29:34 [main] INFO  c.nagarro.ExitTest.utility.BaseTest - Setting up for test class: Test_Home
2024-12-29 13:29:34 [main] DEBUG i.g.bonigarcia.wdm.WebDriverManager - Using WebDriverManager 5.9.2
2024-12-29 13:29:34 [main] DEBUG i.g.b.wdm.cache.ResolutionCache - Resolution chrome=131 in cache (valid until 13:40:54 29/12/2024 IST)
2024-12-29 13:29:34 [main] DEBUG i.g.b.wdm.cache.ResolutionCache - Resolution chrome131=131.0.6778.204 in cache (valid until 12:40:54 30/12/2024 IST)
2024-12-29 13:29:34 [main] INFO  i.g.bonigarcia.wdm.WebDriverManager - Using chromedriver 131.0.6778.204 (resolved driver for Chrome 131)
2024-12-29 13:29:34 [main] DEBUG i.g.bonigarcia.wdm.WebDriverManager - Driver chromedriver 131.0.6778.204 found in cache
2024-12-29 13:29:34 [main] INFO  i.g.bonigarcia.wdm.WebDriverManager - Exporting webdriver.chrome.driver as C:\Users\dhruvshingari\.cache\selenium\chromedriver\win64\131.0.6778.204\chromedriver.exe
2024-12-29 13:29:39 [main] INFO  c.nagarro.ExitTest.utility.BaseTest - Stating test case: navigateToFlightPage
2024-12-29 13:29:39 [main] INFO  c.nagarro.ExitTest.utility.BaseTest - navigating to flight page
2024-12-29 13:29:42 [main] INFO  c.nagarro.ExitTest.utility.BaseTest - Test passed: flights page is visible
2024-12-29 13:29:42 [main] INFO  c.nagarro.ExitTest.utility.BaseTest - Setting up for test class: Test_Home
2024-12-29 13:29:42 [main] DEBUG i.g.bonigarcia.wdm.WebDriverManager - Using WebDriverManager 5.9.2
2024-12-29 13:29:42 [main] DEBUG i.g.b.wdm.cache.ResolutionCache - Resolution chrome=131 in cache (valid until 13:40:54 29/12/2024 IST)
2024-12-29 13:29:42 [main] DEBUG i.g.b.wdm.cache.ResolutionCache - Resolution chrome131=131.0.6778.204 in cache (valid until 12:40:54 30/12/2024 IST)
2024-12-29 13:29:42 [main] INFO  i.g.bonigarcia.wdm.WebDriverManager - Using chromedriver 131.0.6778.204 (resolved driver for Chrome 131)
2024-12-29 13:29:42 [main] DEBUG i.g.bonigarcia.wdm.WebDriverManager - Driver chromedriver 131.0.6778.204 found in cache
2024-12-29 13:29:42 [main] INFO  i.g.bonigarcia.wdm.WebDriverManager - Exporting webdriver.chrome.driver as C:\Users\dhruvshingari\.cache\selenium\chromedriver\win64\131.0.6778.204\chromedriver.exe
2024-12-29 13:29:47 [main] INFO  c.nagarro.ExitTest.utility.BaseTest - Stating test case: navigateToTermsAndCondtionsPage
2024-12-29 13:29:48 [main] INFO  c.nagarro.ExitTest.utility.BaseTest - Verifying page is displayed or not
2024-12-29 13:29:49 [main] INFO  c.nagarro.ExitTest.utility.BaseTest - Test case passed: Page is visible
2024-12-29 13:29:49 [main] INFO  c.nagarro.ExitTest.utility.BaseTest - Setting up for test class: Test_Login
2024-12-29 13:29:49 [main] DEBUG i.g.bonigarcia.wdm.WebDriverManager - Using WebDriverManager 5.9.2
2024-12-29 13:29:49 [main] DEBUG i.g.b.wdm.cache.ResolutionCache - Resolution chrome=131 in cache (valid until 13:40:54 29/12/2024 IST)
2024-12-29 13:29:49 [main] DEBUG i.g.b.wdm.cache.ResolutionCache - Resolution chrome131=131.0.6778.204 in cache (valid until 12:40:54 30/12/2024 IST)
2024-12-29 13:29:49 [main] INFO  i.g.bonigarcia.wdm.WebDriverManager - Using chromedriver 131.0.6778.204 (resolved driver for Chrome 131)
2024-12-29 13:29:49 [main] DEBUG i.g.bonigarcia.wdm.WebDriverManager - Driver chromedriver 131.0.6778.204 found in cache
2024-12-29 13:29:49 [main] INFO  i.g.bonigarcia.wdm.WebDriverManager - Exporting webdriver.chrome.driver as C:\Users\dhruvshingari\.cache\selenium\chromedriver\win64\131.0.6778.204\chromedriver.exe
2024-12-29 13:29:52 [main] INFO  c.nagarro.ExitTest.utility.BaseTest - starting test case: invalid login
2024-12-29 13:29:52 [main] INFO  c.nagarro.ExitTest.utility.BaseTest - navigating to Login page
2024-12-29 13:29:53 [main] INFO  c.nagarro.ExitTest.utility.BaseTest - entering invalid input
2024-12-29 13:29:54 [main] INFO  c.nagarro.ExitTest.utility.BaseTest - test case passed: error message visible
2024-12-29 13:29:54 [main] INFO  c.nagarro.ExitTest.utility.BaseTest - Setting up for test class: Test_Product
2024-12-29 13:29:54 [main] DEBUG i.g.bonigarcia.wdm.WebDriverManager - Using WebDriverManager 5.9.2
2024-12-29 13:29:54 [main] DEBUG i.g.b.wdm.cache.ResolutionCache - Resolution chrome=131 in cache (valid until 13:40:54 29/12/2024 IST)
2024-12-29 13:29:54 [main] DEBUG i.g.b.wdm.cache.ResolutionCache - Resolution chrome131=131.0.6778.204 in cache (valid until 12:40:54 30/12/2024 IST)
2024-12-29 13:29:54 [main] INFO  i.g.bonigarcia.wdm.WebDriverManager - Using chromedriver 131.0.6778.204 (resolved driver for Chrome 131)
2024-12-29 13:29:54 [main] DEBUG i.g.bonigarcia.wdm.WebDriverManager - Driver chromedriver 131.0.6778.204 found in cache
2024-12-29 13:29:54 [main] INFO  i.g.bonigarcia.wdm.WebDriverManager - Exporting webdriver.chrome.driver as C:\Users\dhruvshingari\.cache\selenium\chromedriver\win64\131.0.6778.204\chromedriver.exe
2024-12-29 13:29:59 [main] INFO  c.nagarro.ExitTest.utility.BaseTest - Starting test case: sortProductByPriceLowToHigh
2024-12-29 13:29:59 [main] INFO  c.nagarro.ExitTest.utility.BaseTest - searching for product
2024-12-29 13:30:02 [main] INFO  c.nagarro.ExitTest.utility.BaseTest - Trying to sort product by price low to high
2024-12-29 13:30:02 [main] INFO  c.nagarro.ExitTest.utility.BaseTest - Verifying the result
2024-12-29 13:30:03 [main] INFO  c.nagarro.ExitTest.utility.BaseTest - Sorted by price low to high
2024-12-29 13:30:04 [main] INFO  c.nagarro.ExitTest.utility.BaseTest - Setting up for test class: Test_Product
2024-12-29 13:30:04 [main] DEBUG i.g.bonigarcia.wdm.WebDriverManager - Using WebDriverManager 5.9.2
2024-12-29 13:30:04 [main] DEBUG i.g.b.wdm.cache.ResolutionCache - Resolution chrome=131 in cache (valid until 13:40:54 29/12/2024 IST)
2024-12-29 13:30:04 [main] DEBUG i.g.b.wdm.cache.ResolutionCache - Resolution chrome131=131.0.6778.204 in cache (valid until 12:40:54 30/12/2024 IST)
2024-12-29 13:30:04 [main] INFO  i.g.bonigarcia.wdm.WebDriverManager - Using chromedriver 131.0.6778.204 (resolved driver for Chrome 131)
2024-12-29 13:30:04 [main] DEBUG i.g.bonigarcia.wdm.WebDriverManager - Driver chromedriver 131.0.6778.204 found in cache
2024-12-29 13:30:04 [main] INFO  i.g.bonigarcia.wdm.WebDriverManager - Exporting webdriver.chrome.driver as C:\Users\dhruvshingari\.cache\selenium\chromedriver\win64\131.0.6778.204\chromedriver.exe
2024-12-29 13:30:12 [main] INFO  c.nagarro.ExitTest.utility.BaseTest - Starting test case: addToCart
2024-12-29 13:30:12 [main] INFO  c.nagarro.ExitTest.utility.BaseTest - searching for product
2024-12-29 13:30:15 [main] INFO  c.nagarro.ExitTest.utility.BaseTest - Test case passes: addToWishlistRequiresLogin
2024-12-29 13:30:16 [main] INFO  c.nagarro.ExitTest.utility.BaseTest - Setting up for test class: Test_Product
2024-12-29 13:30:16 [main] DEBUG i.g.bonigarcia.wdm.WebDriverManager - Using WebDriverManager 5.9.2
2024-12-29 13:30:16 [main] DEBUG i.g.b.wdm.cache.ResolutionCache - Resolution chrome=131 in cache (valid until 13:40:54 29/12/2024 IST)
2024-12-29 13:30:16 [main] DEBUG i.g.b.wdm.cache.ResolutionCache - Resolution chrome131=131.0.6778.204 in cache (valid until 12:40:54 30/12/2024 IST)
2024-12-29 13:30:16 [main] INFO  i.g.bonigarcia.wdm.WebDriverManager - Using chromedriver 131.0.6778.204 (resolved driver for Chrome 131)
2024-12-29 13:30:16 [main] DEBUG i.g.bonigarcia.wdm.WebDriverManager - Driver chromedriver 131.0.6778.204 found in cache
2024-12-29 13:30:16 [main] INFO  i.g.bonigarcia.wdm.WebDriverManager - Exporting webdriver.chrome.driver as C:\Users\dhruvshingari\.cache\selenium\chromedriver\win64\131.0.6778.204\chromedriver.exe
2024-12-29 13:30:20 [main] INFO  c.nagarro.ExitTest.utility.BaseTest - Starting test case: addToCart
2024-12-29 13:30:20 [main] INFO  c.nagarro.ExitTest.utility.BaseTest - searching for product
2024-12-29 13:30:24 [main] INFO  c.nagarro.ExitTest.utility.BaseTest - navigating to product page
2024-12-29 13:30:27 [main] INFO  c.nagarro.ExitTest.utility.BaseTest - Test case passes: Product added to cart
2024-12-29 13:30:27 [main] INFO  c.nagarro.ExitTest.utility.BaseTest - Setting up for test class: Test_SellerPage
2024-12-29 13:30:27 [main] DEBUG i.g.bonigarcia.wdm.WebDriverManager - Using WebDriverManager 5.9.2
2024-12-29 13:30:27 [main] DEBUG i.g.b.wdm.cache.ResolutionCache - Resolution chrome=131 in cache (valid until 13:40:54 29/12/2024 IST)
2024-12-29 13:30:27 [main] DEBUG i.g.b.wdm.cache.ResolutionCache - Resolution chrome131=131.0.6778.204 in cache (valid until 12:40:54 30/12/2024 IST)
2024-12-29 13:30:27 [main] INFO  i.g.bonigarcia.wdm.WebDriverManager - Using chromedriver 131.0.6778.204 (resolved driver for Chrome 131)
2024-12-29 13:30:27 [main] DEBUG i.g.bonigarcia.wdm.WebDriverManager - Driver chromedriver 131.0.6778.204 found in cache
2024-12-29 13:30:27 [main] INFO  i.g.bonigarcia.wdm.WebDriverManager - Exporting webdriver.chrome.driver as C:\Users\dhruvshingari\.cache\selenium\chromedriver\win64\131.0.6778.204\chromedriver.exe
2024-12-29 13:30:33 [main] INFO  c.nagarro.ExitTest.utility.BaseTest - Stating test case: navigateToSellerDashboard
2024-12-29 13:30:33 [main] INFO  c.nagarro.ExitTest.utility.BaseTest - navigating to seller page
2024-12-29 13:30:43 [main] INFO  c.nagarro.ExitTest.utility.BaseTest - Test pass :navigated to seller dashboard
2024-12-29 13:30:43 [main] INFO  c.nagarro.ExitTest.utility.BaseTest - Setting up for test class: Test_SupportPage
2024-12-29 13:30:43 [main] DEBUG i.g.bonigarcia.wdm.WebDriverManager - Using WebDriverManager 5.9.2
2024-12-29 13:30:43 [main] DEBUG i.g.b.wdm.cache.ResolutionCache - Resolution chrome=131 in cache (valid until 13:40:54 29/12/2024 IST)
2024-12-29 13:30:43 [main] DEBUG i.g.b.wdm.cache.ResolutionCache - Resolution chrome131=131.0.6778.204 in cache (valid until 12:40:54 30/12/2024 IST)
2024-12-29 13:30:43 [main] INFO  i.g.bonigarcia.wdm.WebDriverManager - Using chromedriver 131.0.6778.204 (resolved driver for Chrome 131)
2024-12-29 13:30:43 [main] DEBUG i.g.bonigarcia.wdm.WebDriverManager - Driver chromedriver 131.0.6778.204 found in cache
2024-12-29 13:30:43 [main] INFO  i.g.bonigarcia.wdm.WebDriverManager - Exporting webdriver.chrome.driver as C:\Users\dhruvshingari\.cache\selenium\chromedriver\win64\131.0.6778.204\chromedriver.exe
2024-12-29 13:30:50 [main] INFO  c.nagarro.ExitTest.utility.BaseTest - Starting test: VerifySupportPageTopics
2024-12-29 13:30:50 [main] INFO  c.nagarro.ExitTest.utility.BaseTest - Verifying support page is visible or not.
2024-12-29 13:30:52 [main] INFO  c.nagarro.ExitTest.utility.BaseTest - Customer support button clicked
2024-12-29 13:30:53 [main] INFO  c.nagarro.ExitTest.utility.BaseTest - Test case passed: Customer support page is visible
2024-12-29 13:30:53 [main] INFO  c.nagarro.ExitTest.utility.BaseTest - Verifying delivery topic is visible
2024-12-29 13:30:53 [main] INFO  c.nagarro.ExitTest.utility.BaseTest - Help topic delivery related clicked
2024-12-29 13:30:54 [main] INFO  c.nagarro.ExitTest.utility.BaseTest - Help topic delivery related is visible
2024-12-29 13:30:54 [main] INFO  c.nagarro.ExitTest.utility.BaseTest - Verifying refund topic is visible
2024-12-29 13:30:54 [main] INFO  c.nagarro.ExitTest.utility.BaseTest - Help topic refund related clicked
2024-12-29 13:30:54 [main] INFO  c.nagarro.ExitTest.utility.BaseTest - Help topic refund related is visible
2024-12-29 13:30:54 [main] INFO  c.nagarro.ExitTest.utility.BaseTest - Completed test: VerifySupportPageTopics
